2026-06-17T00:11:42.919+05:30  INFO 8800 --- [AI-Help-Desk] [main] com.help.desk.AiHelpDeskApplication      : Starting AiHelpDeskApplication using Java 17.0.10 with PID 8800 (D:\03_Projects\AI-Help-Desk\target\classes started by Govinda in D:\03_Projects\AI-Help-Desk)
2026-06-17T00:11:42.937+05:30  INFO 8800 --- [AI-Help-Desk] [main] com.help.desk.AiHelpDeskApplication      : No active profile set, falling back to 1 default profile: "default"
2026-06-17T00:11:44.809+05:30  INFO 8800 --- [AI-Help-Desk] [main] .s.d.r.c.RepositoryConfigurationDelegate : Bootstrapping Spring Data JPA repositories in DEFAULT mode.
2026-06-17T00:11:44.951+05:30  INFO 8800 --- [AI-Help-Desk] [main] .s.d.r.c.RepositoryConfigurationDelegate : Finished Spring Data repository scanning in 117 ms. Found 2 JPA repository interfaces.
2026-06-17T00:11:46.424+05:30  INFO 8800 --- [AI-Help-Desk] [main] o.s.boot.tomcat.TomcatWebServer          : Tomcat initialized with port 4000 (http)
2026-06-17T00:11:46.456+05:30  INFO 8800 --- [AI-Help-Desk] [main] o.apache.catalina.core.StandardService   : Starting service [Tomcat]
2026-06-17T00:11:46.457+05:30  INFO 8800 --- [AI-Help-Desk] [main] o.apache.catalina.core.StandardEngine    : Starting Servlet engine: [Apache Tomcat/11.0.22]
2026-06-17T00:11:46.642+05:30  INFO 8800 --- [AI-Help-Desk] [main] b.w.c.s.WebApplicationContextInitializer : Root WebApplicationContext: initialization completed in 3514 ms
2026-06-17T00:11:46.982+05:30  INFO 8800 --- [AI-Help-Desk] [main] org.hibernate.orm.jpa                    : HHH008540: Processing PersistenceUnitInfo [name: default]
2026-06-17T00:11:47.132+05:30  INFO 8800 --- [AI-Help-Desk] [main] org.hibernate.orm.core                   : HHH000001: Hibernate ORM core version 7.4.1.Final
2026-06-17T00:11:48.121+05:30  INFO 8800 --- [AI-Help-Desk] [main] o.s.o.j.p.SpringPersistenceUnitInfo      : No LoadTimeWeaver setup: ignoring JPA class transformer
2026-06-17T00:11:48.196+05:30  INFO 8800 --- [AI-Help-Desk] [main] com.zaxxer.hikari.HikariDataSource       : HikariPool-1 - Starting...
2026-06-17T00:11:49.041+05:30  INFO 8800 --- [AI-Help-Desk] [main] com.zaxxer.hikari.pool.HikariPool        : HikariPool-1 - Added connection com.mysql.cj.jdbc.ConnectionImpl@4fd92289
2026-06-17T00:11:49.045+05:30  INFO 8800 --- [AI-Help-Desk] [main] com.zaxxer.hikari.HikariDataSource       : HikariPool-1 - Start completed.
2026-06-17T00:11:49.190+05:30  WARN 8800 --- [AI-Help-Desk] [main] org.hibernate.orm.deprecation            : HHH90000025: MySQLDialect does not need to be specified explicitly using 'hibernate.dialect' (remove the property setting and it will be selected by default)
2026-06-17T00:11:49.229+05:30  INFO 8800 --- [AI-Help-Desk] [main] org.hibernate.orm.connections.pooling    : HHH10001005: Database info:
	Database JDBC URL [jdbc:mysql://localhost:3306/ai_help_desk]
	Database driver: MySQL Connector/J
	Database dialect: MySQLDialect
	Database version: 8.0.42
	Default catalog/schema: ai_help_desk/undefined
	Autocommit mode: undefined/unknown
	Isolation level: REPEATABLE_READ [default REPEATABLE_READ]
	JDBC fetch size: none
	Pool: DataSourceConnectionProvider
	Minimum pool size: undefined/unknown
	Maximum pool size: undefined/unknown
2026-06-17T00:12:12.686+05:30  INFO 8800 --- [AI-Help-Desk] [main] org.hibernate.orm.core                   : HHH000489: No JTA platform available (set 'hibernate.transaction.jta.platform' to enable JTA platform integration)
2026-06-17T00:12:13.001+05:30  INFO 8800 --- [AI-Help-Desk] [main] j.LocalContainerEntityManagerFactoryBean : Initialized JPA EntityManagerFactory for persistence unit 'default'
2026-06-17T00:12:13.246+05:30  INFO 8800 --- [AI-Help-Desk] [main] o.s.d.j.r.query.QueryEnhancerFactories   : Hibernate is in classpath; If applicable, HQL parser will be used.
2026-06-17T00:12:14.110+05:30  INFO 8800 --- [AI-Help-Desk] [main] r$InitializeUserDetailsManagerConfigurer : Global AuthenticationManager configured with UserDetailsService bean with name customUserDetailsService
2026-06-17T00:12:14.281+05:30  WARN 8800 --- [AI-Help-Desk] [main] JpaBaseConfiguration$JpaWebConfiguration : spring.jpa.open-in-view is enabled by default. Therefore, database queries may be performed during view rendering. Explicitly configure spring.jpa.open-in-view to disable this warning
2026-06-17T00:12:14.965+05:30 DEBUG 8800 --- [AI-Help-Desk] [main] s.w.s.m.m.a.RequestMappingHandlerMapping : 11 mappings in 'requestMappingHandlerMapping'
2026-06-17T00:12:15.027+05:30 DEBUG 8800 --- [AI-Help-Desk] [main] o.s.w.s.handler.SimpleUrlHandlerMapping  : Patterns [/webjars/**, /**] in 'resourceHandlerMapping'
2026-06-17T00:12:15.076+05:30 DEBUG 8800 --- [AI-Help-Desk] [main] s.w.s.m.m.a.RequestMappingHandlerAdapter : ControllerAdvice beans: 0 @ModelAttribute, 0 @InitBinder, 2 RequestBodyAdvice, 1 ResponseBodyAdvice
2026-06-17T00:12:15.149+05:30 DEBUG 8800 --- [AI-Help-Desk] [main] .m.m.a.ExceptionHandlerExceptionResolver : ControllerAdvice beans: 1 @ExceptionHandler, 1 ResponseBodyAdvice
2026-06-17T00:12:15.473+05:30  INFO 8800 --- [AI-Help-Desk] [main] o.s.boot.tomcat.TomcatWebServer          : Tomcat started on port 4000 (http) with context path '/api/v1/hele-desk'
2026-06-17T00:12:15.487+05:30  INFO 8800 --- [AI-Help-Desk] [main] com.help.desk.AiHelpDeskApplication      : Started AiHelpDeskApplication in 33.798 seconds (process running for 35.068)
2026-06-17T00:12:15.493+05:30  INFO 8800 --- [AI-Help-Desk] [main] com.help.desk.AiHelpDeskApplication      : AI Help Desk Application Started
2026-06-17T01:42:34.101+05:30  INFO 8800 --- [AI-Help-Desk] [SpringApplicationShutdownHook] o.s.boot.tomcat.GracefulShutdown         : Commencing graceful shutdown. Waiting for active requests to complete
2026-06-17T01:42:34.295+05:30  INFO 8800 --- [AI-Help-Desk] [tomcat-shutdown] o.s.boot.tomcat.GracefulShutdown         : Graceful shutdown complete
2026-06-17T01:42:34.415+05:30  INFO 8800 --- [AI-Help-Desk] [SpringApplicationShutdownHook] j.LocalContainerEntityManagerFactoryBean : Closing JPA EntityManagerFactory for persistence unit 'default'
2026-06-17T01:42:34.539+05:30  INFO 8800 --- [AI-Help-Desk] [SpringApplicationShutdownHook] com.zaxxer.hikari.HikariDataSource       : HikariPool-1 - Shutdown initiated...
2026-06-17T01:42:34.613+05:30  INFO 8800 --- [AI-Help-Desk] [SpringApplicationShutdownHook] com.zaxxer.hikari.HikariDataSource       : HikariPool-1 - Shutdown completed.
2026-06-17T01:42:44.542+05:30  INFO 15736 --- [AI-Help-Desk] [main] com.help.desk.AiHelpDeskApplication      : Starting AiHelpDeskApplication using Java 17.0.10 with PID 15736 (D:\03_Projects\AI-Help-Desk\target\classes started by Govinda in D:\03_Projects\AI-Help-Desk)
2026-06-17T01:42:44.548+05:30  INFO 15736 --- [AI-Help-Desk] [main] com.help.desk.AiHelpDeskApplication      : No active profile set, falling back to 1 default profile: "default"
2026-06-17T01:42:45.755+05:30  INFO 15736 --- [AI-Help-Desk] [main] .s.d.r.c.RepositoryConfigurationDelegate : Bootstrapping Spring Data JPA repositories in DEFAULT mode.
2026-06-17T01:42:45.852+05:30  INFO 15736 --- [AI-Help-Desk] [main] .s.d.r.c.RepositoryConfigurationDelegate : Finished Spring Data repository scanning in 83 ms. Found 3 JPA repository interfaces.
2026-06-17T01:42:46.967+05:30  INFO 15736 --- [AI-Help-Desk] [main] o.s.boot.tomcat.TomcatWebServer          : Tomcat initialized with port 4000 (http)
2026-06-17T01:42:47.001+05:30  INFO 15736 --- [AI-Help-Desk] [main] o.apache.catalina.core.StandardService   : Starting service [Tomcat]
2026-06-17T01:42:47.002+05:30  INFO 15736 --- [AI-Help-Desk] [main] o.apache.catalina.core.StandardEngine    : Starting Servlet engine: [Apache Tomcat/11.0.22]
2026-06-17T01:42:47.099+05:30  INFO 15736 --- [AI-Help-Desk] [main] b.w.c.s.WebApplicationContextInitializer : Root WebApplicationContext: initialization completed in 2470 ms
2026-06-17T01:42:47.374+05:30  INFO 15736 --- [AI-Help-Desk] [main] org.hibernate.orm.jpa                    : HHH008540: Processing PersistenceUnitInfo [name: default]
2026-06-17T01:42:47.505+05:30  INFO 15736 --- [AI-Help-Desk] [main] org.hibernate.orm.core                   : HHH000001: Hibernate ORM core version 7.4.1.Final
2026-06-17T01:42:48.148+05:30  INFO 15736 --- [AI-Help-Desk] [main] o.s.o.j.p.SpringPersistenceUnitInfo      : No LoadTimeWeaver setup: ignoring JPA class transformer
2026-06-17T01:42:48.194+05:30  INFO 15736 --- [AI-Help-Desk] [main] com.zaxxer.hikari.HikariDataSource       : HikariPool-1 - Starting...
2026-06-17T01:42:48.752+05:30  INFO 15736 --- [AI-Help-Desk] [main] com.zaxxer.hikari.pool.HikariPool        : HikariPool-1 - Added connection com.mysql.cj.jdbc.ConnectionImpl@4fd92289
2026-06-17T01:42:48.755+05:30  INFO 15736 --- [AI-Help-Desk] [main] com.zaxxer.hikari.HikariDataSource       : HikariPool-1 - Start completed.
2026-06-17T01:42:48.908+05:30  WARN 15736 --- [AI-Help-Desk] [main] org.hibernate.orm.deprecation            : HHH90000025: MySQLDialect does not need to be specified explicitly using 'hibernate.dialect' (remove the property setting and it will be selected by default)
2026-06-17T01:42:48.942+05:30  INFO 15736 --- [AI-Help-Desk] [main] org.hibernate.orm.connections.pooling    : HHH10001005: Database info:
	Database JDBC URL [jdbc:mysql://localhost:3306/ai_help_desk]
	Database driver: MySQL Connector/J
	Database dialect: MySQLDialect
	Database version: 8.0.42
	Default catalog/schema: ai_help_desk/undefined
	Autocommit mode: undefined/unknown
	Isolation level: REPEATABLE_READ [default REPEATABLE_READ]
	JDBC fetch size: none
	Pool: DataSourceConnectionProvider
	Minimum pool size: undefined/unknown
	Maximum pool size: undefined/unknown
2026-06-17T01:42:50.411+05:30  INFO 15736 --- [AI-Help-Desk] [main] org.hibernate.orm.core                   : HHH000489: No JTA platform available (set 'hibernate.transaction.jta.platform' to enable JTA platform integration)
2026-06-17T01:42:50.678+05:30  INFO 15736 --- [AI-Help-Desk] [main] j.LocalContainerEntityManagerFactoryBean : Initialized JPA EntityManagerFactory for persistence unit 'default'
2026-06-17T01:42:50.805+05:30  INFO 15736 --- [AI-Help-Desk] [main] o.s.d.j.r.query.QueryEnhancerFactories   : Hibernate is in classpath; If applicable, HQL parser will be used.
2026-06-17T01:42:51.202+05:30  INFO 15736 --- [AI-Help-Desk] [main] r$InitializeUserDetailsManagerConfigurer : Global AuthenticationManager configured with UserDetailsService bean with name customUserDetailsService
2026-06-17T01:42:51.306+05:30  WARN 15736 --- [AI-Help-Desk] [main] ConfigServletWebServerApplicationContext : Exception encountered during context initialization - cancelling refresh attempt: org.springframework.beans.factory.UnsatisfiedDependencyException: Error creating bean with name 'emailServiceImpl' defined in file [D:\03_Projects\AI-Help-Desk\target\classes\com\help\desk\auth\service\impl\EmailServiceImpl.class]: Unsatisfied dependency expressed through constructor parameter 2: Error creating bean with name 'passwordResetOtpRepository' defined in com.help.desk.auth.repository.PasswordResetOtpRepository defined in @EnableJpaRepositories declared on DataJpaRepositoriesRegistrar.EnableJpaRepositoriesConfiguration: Not a managed type: class com.help.desk.auth.repository.PasswordResetOtp
2026-06-17T01:42:51.307+05:30  INFO 15736 --- [AI-Help-Desk] [main] j.LocalContainerEntityManagerFactoryBean : Closing JPA EntityManagerFactory for persistence unit 'default'
2026-06-17T01:42:51.311+05:30  INFO 15736 --- [AI-Help-Desk] [main] com.zaxxer.hikari.HikariDataSource       : HikariPool-1 - Shutdown initiated...
2026-06-17T01:42:51.327+05:30  INFO 15736 --- [AI-Help-Desk] [main] com.zaxxer.hikari.HikariDataSource       : HikariPool-1 - Shutdown completed.
2026-06-17T01:42:51.330+05:30  INFO 15736 --- [AI-Help-Desk] [main] o.apache.catalina.core.StandardService   : Stopping service [Tomcat]
2026-06-17T01:42:51.349+05:30  INFO 15736 --- [AI-Help-Desk] [main] .s.b.a.l.ConditionEvaluationReportLogger : 

Error starting ApplicationContext. To display the condition evaluation report re-run your application with 'debug' enabled.
2026-06-17T01:42:51.368+05:30 ERROR 15736 --- [AI-Help-Desk] [main] o.s.boot.SpringApplication               : Application run failed

org.springframework.beans.factory.UnsatisfiedDependencyException: Error creating bean with name 'emailServiceImpl' defined in file [D:\03_Projects\AI-Help-Desk\target\classes\com\help\desk\auth\service\impl\EmailServiceImpl.class]: Unsatisfied dependency expressed through constructor parameter 2: Error creating bean with name 'passwordResetOtpRepository' defined in com.help.desk.auth.repository.PasswordResetOtpRepository defined in @EnableJpaRepositories declared on DataJpaRepositoriesRegistrar.EnableJpaRepositoriesConfiguration: Not a managed type: class com.help.desk.auth.repository.PasswordResetOtp
	at org.springframework.beans.factory.support.ConstructorResolver.createArgumentArray(ConstructorResolver.java:804) ~[spring-beans-7.0.8.jar:7.0.8]
	at org.springframework.beans.factory.support.ConstructorResolver.autowireConstructor(ConstructorResolver.java:240) ~[spring-beans-7.0.8.jar:7.0.8]
	at org.springframework.beans.factory.support.AbstractAutowireCapableBeanFactory.autowireConstructor(AbstractAutowireCapableBeanFactory.java:1380) ~[spring-beans-7.0.8.jar:7.0.8]
	at org.springframework.beans.factory.support.AbstractAutowireCapableBeanFactory.createBeanInstance(AbstractAutowireCapableBeanFactory.java:1219) ~[spring-beans-7.0.8.jar:7.0.8]
	at org.springframework.beans.factory.support.AbstractAutowireCapableBeanFactory.doCreateBean(AbstractAutowireCapableBeanFactory.java:565) ~[spring-beans-7.0.8.jar:7.0.8]
	at org.springframework.beans.factory.support.AbstractAutowireCapableBeanFactory.createBean(AbstractAutowireCapableBeanFactory.java:525) ~[spring-beans-7.0.8.jar:7.0.8]
	at org.springframework.beans.factory.support.AbstractBeanFactory.lambda$doGetBean$0(AbstractBeanFactory.java:333) ~[spring-beans-7.0.8.jar:7.0.8]
	at org.springframework.beans.factory.support.DefaultSingletonBeanRegistry.getSingleton(DefaultSingletonBeanRegistry.java:371) ~[spring-beans-7.0.8.jar:7.0.8]
	at org.springframework.beans.factory.support.AbstractBeanFactory.doGetBean(AbstractBeanFactory.java:331) ~[spring-beans-7.0.8.jar:7.0.8]
	at org.springframework.beans.factory.support.AbstractBeanFactory.getBean(AbstractBeanFactory.java:196) ~[spring-beans-7.0.8.jar:7.0.8]
	at org.springframework.beans.factory.support.DefaultListableBeanFactory.instantiateSingleton(DefaultListableBeanFactory.java:1225) ~[spring-beans-7.0.8.jar:7.0.8]
	at org.springframework.beans.factory.support.DefaultListableBeanFactory.preInstantiateSingleton(DefaultListableBeanFactory.java:1191) ~[spring-beans-7.0.8.jar:7.0.8]
	at org.springframework.beans.factory.support.DefaultListableBeanFactory.preInstantiateSingletons(DefaultListableBeanFactory.java:1121) ~[spring-beans-7.0.8.jar:7.0.8]
	at org.springframework.context.support.AbstractApplicationContext.finishBeanFactoryInitialization(AbstractApplicationContext.java:994) ~[spring-context-7.0.8.jar:7.0.8]
	at org.springframework.context.support.AbstractApplicationContext.refresh(AbstractApplicationContext.java:621) ~[spring-context-7.0.8.jar:7.0.8]
	at org.springframework.boot.web.server.servlet.context.ServletWebServerApplicationContext.refresh(ServletWebServerApplicationContext.java:143) ~[spring-boot-web-server-4.1.0.jar:4.1.0]
	at org.springframework.boot.SpringApplication.refresh(SpringApplication.java:756) ~[spring-boot-4.1.0.jar:4.1.0]
	at org.springframework.boot.SpringApplication.refreshContext(SpringApplication.java:445) ~[spring-boot-4.1.0.jar:4.1.0]
	at org.springframework.boot.SpringApplication.run(SpringApplication.java:321) ~[spring-boot-4.1.0.jar:4.1.0]
	at org.springframework.boot.SpringApplication.run(SpringApplication.java:1365) ~[spring-boot-4.1.0.jar:4.1.0]
	at org.springframework.boot.SpringApplication.run(SpringApplication.java:1354) ~[spring-boot-4.1.0.jar:4.1.0]
	at com.help.desk.AiHelpDeskApplication.main(AiHelpDeskApplication.java:13) ~[classes/:na]
Caused by: org.springframework.beans.factory.BeanCreationException: Error creating bean with name 'passwordResetOtpRepository' defined in com.help.desk.auth.repository.PasswordResetOtpRepository defined in @EnableJpaRepositories declared on DataJpaRepositoriesRegistrar.EnableJpaRepositoriesConfiguration: Not a managed type: class com.help.desk.auth.repository.PasswordResetOtp
	at org.springframework.beans.factory.support.AbstractAutowireCapableBeanFactory.initializeBean(AbstractAutowireCapableBeanFactory.java:1815) ~[spring-beans-7.0.8.jar:7.0.8]
	at org.springframework.beans.factory.support.AbstractAutowireCapableBeanFactory.doCreateBean(AbstractAutowireCapableBeanFactory.java:603) ~[spring-beans-7.0.8.jar:7.0.8]
	at org.springframework.beans.factory.support.AbstractAutowireCapableBeanFactory.createBean(AbstractAutowireCapableBeanFactory.java:525) ~[spring-beans-7.0.8.jar:7.0.8]
	at org.springframework.beans.factory.support.AbstractBeanFactory.lambda$doGetBean$0(AbstractBeanFactory.java:333) ~[spring-beans-7.0.8.jar:7.0.8]
	at org.springframework.beans.factory.support.DefaultSingletonBeanRegistry.getSingleton(DefaultSingletonBeanRegistry.java:371) ~[spring-beans-7.0.8.jar:7.0.8]
	at org.springframework.beans.factory.support.AbstractBeanFactory.doGetBean(AbstractBeanFactory.java:331) ~[spring-beans-7.0.8.jar:7.0.8]
	at org.springframework.beans.factory.support.AbstractBeanFactory.getBean(AbstractBeanFactory.java:201) ~[spring-beans-7.0.8.jar:7.0.8]
	at org.springframework.beans.factory.support.DefaultListableBeanFactory.resolveBean(DefaultListableBeanFactory.java:1232) ~[spring-beans-7.0.8.jar:7.0.8]
	at org.springframework.beans.factory.support.DefaultListableBeanFactory.doResolveDependency(DefaultListableBeanFactory.java:1711) ~[spring-beans-7.0.8.jar:7.0.8]
	at org.springframework.beans.factory.support.DefaultListableBeanFactory.resolveDependency(DefaultListableBeanFactory.java:1658) ~[spring-beans-7.0.8.jar:7.0.8]
	at org.springframework.beans.factory.support.ConstructorResolver.resolveAutowiredArgument(ConstructorResolver.java:912) ~[spring-beans-7.0.8.jar:7.0.8]
	at org.springframework.beans.factory.support.ConstructorResolver.createArgumentArray(ConstructorResolver.java:791) ~[spring-beans-7.0.8.jar:7.0.8]
	... 21 common frames omitted
Caused by: java.lang.IllegalArgumentException: Not a managed type: class com.help.desk.auth.repository.PasswordResetOtp
	at org.hibernate.metamodel.model.domain.internal.JpaMetamodelImpl.managedType(JpaMetamodelImpl.java:254) ~[hibernate-core-7.4.1.Final.jar:7.4.1.Final]
	at org.hibernate.metamodel.model.domain.internal.MappingMetamodelImpl.managedType(MappingMetamodelImpl.java:393) ~[hibernate-core-7.4.1.Final.jar:7.4.1.Final]
	at org.hibernate.metamodel.model.domain.internal.MappingMetamodelImpl.managedType(MappingMetamodelImpl.java:84) ~[hibernate-core-7.4.1.Final.jar:7.4.1.Final]
	at org.springframework.data.jpa.repository.support.JpaEntityInformationSupport.getEntityInformation(JpaEntityInformationSupport.java:92) ~[spring-data-jpa-4.1.0.jar:4.1.0]
	at org.springframework.data.jpa.repository.support.JpaEntityInformationSupport.getEntityInformation(JpaEntityInformationSupport.java:73) ~[spring-data-jpa-4.1.0.jar:4.1.0]
	at org.springframework.data.jpa.repository.support.JpaRepositoryFactory.getEntityInformation(JpaRepositoryFactory.java:270) ~[spring-data-jpa-4.1.0.jar:4.1.0]
	at org.springframework.data.jpa.repository.support.JpaRepositoryFactory.getRepositoryFragments(JpaRepositoryFactory.java:300) ~[spring-data-jpa-4.1.0.jar:4.1.0]
	at org.springframework.data.jpa.repository.support.JpaRepositoryFactory.getRepositoryFragments(JpaRepositoryFactory.java:280) ~[spring-data-jpa-4.1.0.jar:4.1.0]
	at org.springframework.data.repository.core.support.RepositoryFactorySupport.lambda$getRepositoryStub$0(RepositoryFactorySupport.java:497) ~[spring-data-commons-4.1.0.jar:4.1.0]
	at java.base/java.util.HashMap.computeIfAbsent(HashMap.java:1220) ~[na:na]
	at org.springframework.data.repository.core.support.RepositoryFactorySupport.getRepositoryStub(RepositoryFactorySupport.java:494) ~[spring-data-commons-4.1.0.jar:4.1.0]
	at org.springframework.data.repository.core.support.RepositoryFactorySupport.getRepository(RepositoryFactorySupport.java:334) ~[spring-data-commons-4.1.0.jar:4.1.0]
	at org.springframework.data.repository.core.support.RepositoryFactoryBeanSupport.lambda$afterPropertiesSet$1(RepositoryFactoryBeanSupport.java:361) ~[spring-data-commons-4.1.0.jar:4.1.0]
	at org.springframework.data.util.Lazy.getNullable(Lazy.java:136) ~[spring-data-commons-4.1.0.jar:4.1.0]
	at org.springframework.data.util.Lazy.get(Lazy.java:114) ~[spring-data-commons-4.1.0.jar:4.1.0]
	at org.springframework.data.repository.core.support.RepositoryFactoryBeanSupport.afterPropertiesSet(RepositoryFactoryBeanSupport.java:370) ~[spring-data-commons-4.1.0.jar:4.1.0]
	at org.springframework.data.jpa.repository.support.JpaRepositoryFactoryBean.afterPropertiesSet(JpaRepositoryFactoryBean.java:212) ~[spring-data-jpa-4.1.0.jar:4.1.0]
	at org.springframework.beans.factory.support.AbstractAutowireCapableBeanFactory.invokeInitMethods(AbstractAutowireCapableBeanFactory.java:1862) ~[spring-beans-7.0.8.jar:7.0.8]
	at org.springframework.beans.factory.support.AbstractAutowireCapableBeanFactory.initializeBean(AbstractAutowireCapableBeanFactory.java:1811) ~[spring-beans-7.0.8.jar:7.0.8]
	... 32 common frames omitted

2026-06-17T01:48:40.950+05:30  INFO 14364 --- [AI-Help-Desk] [main] com.help.desk.AiHelpDeskApplication      : Starting AiHelpDeskApplication using Java 17.0.10 with PID 14364 (D:\03_Projects\AI-Help-Desk\target\classes started by Govinda in D:\03_Projects\AI-Help-Desk)
2026-06-17T01:48:40.955+05:30  INFO 14364 --- [AI-Help-Desk] [main] com.help.desk.AiHelpDeskApplication      : No active profile set, falling back to 1 default profile: "default"
2026-06-17T01:48:42.156+05:30  INFO 14364 --- [AI-Help-Desk] [main] .s.d.r.c.RepositoryConfigurationDelegate : Bootstrapping Spring Data JPA repositories in DEFAULT mode.
2026-06-17T01:48:42.260+05:30  INFO 14364 --- [AI-Help-Desk] [main] .s.d.r.c.RepositoryConfigurationDelegate : Finished Spring Data repository scanning in 86 ms. Found 3 JPA repository interfaces.
2026-06-17T01:48:43.284+05:30  INFO 14364 --- [AI-Help-Desk] [main] o.s.boot.tomcat.TomcatWebServer          : Tomcat initialized with port 4000 (http)
2026-06-17T01:48:43.307+05:30  INFO 14364 --- [AI-Help-Desk] [main] o.apache.catalina.core.StandardService   : Starting service [Tomcat]
2026-06-17T01:48:43.308+05:30  INFO 14364 --- [AI-Help-Desk] [main] o.apache.catalina.core.StandardEngine    : Starting Servlet engine: [Apache Tomcat/11.0.22]
2026-06-17T01:48:43.396+05:30  INFO 14364 --- [AI-Help-Desk] [main] b.w.c.s.WebApplicationContextInitializer : Root WebApplicationContext: initialization completed in 2365 ms
2026-06-17T01:48:43.756+05:30  INFO 14364 --- [AI-Help-Desk] [main] org.hibernate.orm.jpa                    : HHH008540: Processing PersistenceUnitInfo [name: default]
2026-06-17T01:48:43.853+05:30  INFO 14364 --- [AI-Help-Desk] [main] org.hibernate.orm.core                   : HHH000001: Hibernate ORM core version 7.4.1.Final
2026-06-17T01:48:44.497+05:30  INFO 14364 --- [AI-Help-Desk] [main] o.s.o.j.p.SpringPersistenceUnitInfo      : No LoadTimeWeaver setup: ignoring JPA class transformer
2026-06-17T01:48:44.571+05:30  INFO 14364 --- [AI-Help-Desk] [main] com.zaxxer.hikari.HikariDataSource       : HikariPool-1 - Starting...
2026-06-17T01:48:45.247+05:30  INFO 14364 --- [AI-Help-Desk] [main] com.zaxxer.hikari.pool.HikariPool        : HikariPool-1 - Added connection com.mysql.cj.jdbc.ConnectionImpl@64508788
2026-06-17T01:48:45.250+05:30  INFO 14364 --- [AI-Help-Desk] [main] com.zaxxer.hikari.HikariDataSource       : HikariPool-1 - Start completed.
2026-06-17T01:48:45.347+05:30  WARN 14364 --- [AI-Help-Desk] [main] org.hibernate.orm.deprecation            : HHH90000025: MySQLDialect does not need to be specified explicitly using 'hibernate.dialect' (remove the property setting and it will be selected by default)
2026-06-17T01:48:45.379+05:30  INFO 14364 --- [AI-Help-Desk] [main] org.hibernate.orm.connections.pooling    : HHH10001005: Database info:
	Database JDBC URL [jdbc:mysql://localhost:3306/ai_help_desk]
	Database driver: MySQL Connector/J
	Database dialect: MySQLDialect
	Database version: 8.0.42
	Default catalog/schema: ai_help_desk/undefined
	Autocommit mode: undefined/unknown
	Isolation level: REPEATABLE_READ [default REPEATABLE_READ]
	JDBC fetch size: none
	Pool: DataSourceConnectionProvider
	Minimum pool size: undefined/unknown
	Maximum pool size: undefined/unknown
2026-06-17T01:48:46.903+05:30  INFO 14364 --- [AI-Help-Desk] [main] org.hibernate.orm.core                   : HHH000489: No JTA platform available (set 'hibernate.transaction.jta.platform' to enable JTA platform integration)
2026-06-17T01:48:47.352+05:30  INFO 14364 --- [AI-Help-Desk] [main] j.LocalContainerEntityManagerFactoryBean : Initialized JPA EntityManagerFactory for persistence unit 'default'
2026-06-17T01:48:47.445+05:30  INFO 14364 --- [AI-Help-Desk] [main] o.s.d.j.r.query.QueryEnhancerFactories   : Hibernate is in classpath; If applicable, HQL parser will be used.
2026-06-17T01:48:47.886+05:30  INFO 14364 --- [AI-Help-Desk] [main] r$InitializeUserDetailsManagerConfigurer : Global AuthenticationManager configured with UserDetailsService bean with name customUserDetailsService
2026-06-17T01:48:48.010+05:30  WARN 14364 --- [AI-Help-Desk] [main] ConfigServletWebServerApplicationContext : Exception encountered during context initialization - cancelling refresh attempt: org.springframework.beans.factory.UnsatisfiedDependencyException: Error creating bean with name 'emailServiceImpl' defined in file [D:\03_Projects\AI-Help-Desk\target\classes\com\help\desk\auth\service\impl\EmailServiceImpl.class]: Unsatisfied dependency expressed through constructor parameter 3: Error creating bean with name 'emailServiceImpl': Requested bean is currently in creation: Is there an unresolvable circular reference or an asynchronous initialization dependency?
2026-06-17T01:48:48.011+05:30  INFO 14364 --- [AI-Help-Desk] [main] j.LocalContainerEntityManagerFactoryBean : Closing JPA EntityManagerFactory for persistence unit 'default'
2026-06-17T01:48:48.017+05:30  INFO 14364 --- [AI-Help-Desk] [main] com.zaxxer.hikari.HikariDataSource       : HikariPool-1 - Shutdown initiated...
2026-06-17T01:48:48.032+05:30  INFO 14364 --- [AI-Help-Desk] [main] com.zaxxer.hikari.HikariDataSource       : HikariPool-1 - Shutdown completed.
2026-06-17T01:48:48.035+05:30  INFO 14364 --- [AI-Help-Desk] [main] o.apache.catalina.core.StandardService   : Stopping service [Tomcat]
2026-06-17T01:48:48.052+05:30  INFO 14364 --- [AI-Help-Desk] [main] .s.b.a.l.ConditionEvaluationReportLogger : 

Error starting ApplicationContext. To display the condition evaluation report re-run your application with 'debug' enabled.
2026-06-17T01:48:48.070+05:30 ERROR 14364 --- [AI-Help-Desk] [main] o.s.b.d.LoggingFailureAnalysisReporter   : 

***************************
APPLICATION FAILED TO START
***************************

Description:

The dependencies of some of the beans in the application context form a cycle:

┌──->──┐
|  emailServiceImpl defined in file [D:\03_Projects\AI-Help-Desk\target\classes\com\help\desk\auth\service\impl\EmailServiceImpl.class]
└──<-──┘


Action:

Relying upon circular references is discouraged and they are prohibited by default. Update your application to remove the dependency cycle between beans. As a last resort, it may be possible to break the cycle automatically by setting spring.main.allow-circular-references to true.

2026-06-17T01:50:13.749+05:30  INFO 7644 --- [AI-Help-Desk] [main] com.help.desk.AiHelpDeskApplication      : Starting AiHelpDeskApplication using Java 17.0.10 with PID 7644 (D:\03_Projects\AI-Help-Desk\target\classes started by Govinda in D:\03_Projects\AI-Help-Desk)
2026-06-17T01:50:13.753+05:30  INFO 7644 --- [AI-Help-Desk] [main] com.help.desk.AiHelpDeskApplication      : No active profile set, falling back to 1 default profile: "default"
2026-06-17T01:50:14.893+05:30  INFO 7644 --- [AI-Help-Desk] [main] .s.d.r.c.RepositoryConfigurationDelegate : Bootstrapping Spring Data JPA repositories in DEFAULT mode.
2026-06-17T01:50:14.985+05:30  INFO 7644 --- [AI-Help-Desk] [main] .s.d.r.c.RepositoryConfigurationDelegate : Finished Spring Data repository scanning in 79 ms. Found 3 JPA repository interfaces.
2026-06-17T01:50:15.964+05:30  INFO 7644 --- [AI-Help-Desk] [main] o.s.boot.tomcat.TomcatWebServer          : Tomcat initialized with port 4000 (http)
2026-06-17T01:50:15.982+05:30  INFO 7644 --- [AI-Help-Desk] [main] o.apache.catalina.core.StandardService   : Starting service [Tomcat]
2026-06-17T01:50:15.982+05:30  INFO 7644 --- [AI-Help-Desk] [main] o.apache.catalina.core.StandardEngine    : Starting Servlet engine: [Apache Tomcat/11.0.22]
2026-06-17T01:50:16.071+05:30  INFO 7644 --- [AI-Help-Desk] [main] b.w.c.s.WebApplicationContextInitializer : Root WebApplicationContext: initialization completed in 2246 ms
2026-06-17T01:50:16.343+05:30  INFO 7644 --- [AI-Help-Desk] [main] org.hibernate.orm.jpa                    : HHH008540: Processing PersistenceUnitInfo [name: default]
2026-06-17T01:50:16.419+05:30  INFO 7644 --- [AI-Help-Desk] [main] org.hibernate.orm.core                   : HHH000001: Hibernate ORM core version 7.4.1.Final
2026-06-17T01:50:17.000+05:30  INFO 7644 --- [AI-Help-Desk] [main] o.s.o.j.p.SpringPersistenceUnitInfo      : No LoadTimeWeaver setup: ignoring JPA class transformer
2026-06-17T01:50:17.046+05:30  INFO 7644 --- [AI-Help-Desk] [main] com.zaxxer.hikari.HikariDataSource       : HikariPool-1 - Starting...
2026-06-17T01:50:17.440+05:30  INFO 7644 --- [AI-Help-Desk] [main] com.zaxxer.hikari.pool.HikariPool        : HikariPool-1 - Added connection com.mysql.cj.jdbc.ConnectionImpl@64508788
2026-06-17T01:50:17.442+05:30  INFO 7644 --- [AI-Help-Desk] [main] com.zaxxer.hikari.HikariDataSource       : HikariPool-1 - Start completed.
2026-06-17T01:50:17.522+05:30  WARN 7644 --- [AI-Help-Desk] [main] org.hibernate.orm.deprecation            : HHH90000025: MySQLDialect does not need to be specified explicitly using 'hibernate.dialect' (remove the property setting and it will be selected by default)
2026-06-17T01:50:17.553+05:30  INFO 7644 --- [AI-Help-Desk] [main] org.hibernate.orm.connections.pooling    : HHH10001005: Database info:
	Database JDBC URL [jdbc:mysql://localhost:3306/ai_help_desk]
	Database driver: MySQL Connector/J
	Database dialect: MySQLDialect
	Database version: 8.0.42
	Default catalog/schema: ai_help_desk/undefined
	Autocommit mode: undefined/unknown
	Isolation level: REPEATABLE_READ [default REPEATABLE_READ]
	JDBC fetch size: none
	Pool: DataSourceConnectionProvider
	Minimum pool size: undefined/unknown
	Maximum pool size: undefined/unknown
2026-06-17T01:50:19.080+05:30  INFO 7644 --- [AI-Help-Desk] [main] org.hibernate.orm.core                   : HHH000489: No JTA platform available (set 'hibernate.transaction.jta.platform' to enable JTA platform integration)
2026-06-17T01:50:19.231+05:30  INFO 7644 --- [AI-Help-Desk] [main] j.LocalContainerEntityManagerFactoryBean : Initialized JPA EntityManagerFactory for persistence unit 'default'
2026-06-17T01:50:19.353+05:30  INFO 7644 --- [AI-Help-Desk] [main] o.s.d.j.r.query.QueryEnhancerFactories   : Hibernate is in classpath; If applicable, HQL parser will be used.
2026-06-17T01:50:19.802+05:30  INFO 7644 --- [AI-Help-Desk] [main] r$InitializeUserDetailsManagerConfigurer : Global AuthenticationManager configured with UserDetailsService bean with name customUserDetailsService
2026-06-17T01:50:19.969+05:30  WARN 7644 --- [AI-Help-Desk] [main] ConfigServletWebServerApplicationContext : Exception encountered during context initialization - cancelling refresh attempt: org.springframework.beans.factory.UnsatisfiedDependencyException: Error creating bean with name 'emailServiceImpl' defined in file [D:\03_Projects\AI-Help-Desk\target\classes\com\help\desk\auth\service\impl\EmailServiceImpl.class]: Unsatisfied dependency expressed through constructor parameter 3: Error creating bean with name 'emailServiceImpl': Requested bean is currently in creation: Is there an unresolvable circular reference or an asynchronous initialization dependency?
2026-06-17T01:50:19.971+05:30  INFO 7644 --- [AI-Help-Desk] [main] j.LocalContainerEntityManagerFactoryBean : Closing JPA EntityManagerFactory for persistence unit 'default'
2026-06-17T01:50:19.976+05:30  INFO 7644 --- [AI-Help-Desk] [main] com.zaxxer.hikari.HikariDataSource       : HikariPool-1 - Shutdown initiated...
2026-06-17T01:50:19.992+05:30  INFO 7644 --- [AI-Help-Desk] [main] com.zaxxer.hikari.HikariDataSource       : HikariPool-1 - Shutdown completed.
2026-06-17T01:50:19.996+05:30  INFO 7644 --- [AI-Help-Desk] [main] o.apache.catalina.core.StandardService   : Stopping service [Tomcat]
2026-06-17T01:50:20.070+05:30  INFO 7644 --- [AI-Help-Desk] [main] .s.b.a.l.ConditionEvaluationReportLogger : 

Error starting ApplicationContext. To display the condition evaluation report re-run your application with 'debug' enabled.
2026-06-17T01:50:20.090+05:30 ERROR 7644 --- [AI-Help-Desk] [main] o.s.b.d.LoggingFailureAnalysisReporter   : 

***************************
APPLICATION FAILED TO START
***************************

Description:

The dependencies of some of the beans in the application context form a cycle:

┌──->──┐
|  emailServiceImpl defined in file [D:\03_Projects\AI-Help-Desk\target\classes\com\help\desk\auth\service\impl\EmailServiceImpl.class]
└──<-──┘


Action:

Relying upon circular references is discouraged and they are prohibited by default. Update your application to remove the dependency cycle between beans. As a last resort, it may be possible to break the cycle automatically by setting spring.main.allow-circular-references to true.

2026-06-17T01:57:03.388+05:30  INFO 19880 --- [AI-Help-Desk] [main] com.help.desk.AiHelpDeskApplication      : Starting AiHelpDeskApplication using Java 17.0.10 with PID 19880 (D:\03_Projects\AI-Help-Desk\target\classes started by Govinda in D:\03_Projects\AI-Help-Desk)
2026-06-17T01:57:03.395+05:30  INFO 19880 --- [AI-Help-Desk] [main] com.help.desk.AiHelpDeskApplication      : No active profile set, falling back to 1 default profile: "default"
2026-06-17T01:57:06.451+05:30  INFO 19880 --- [AI-Help-Desk] [main] .s.d.r.c.RepositoryConfigurationDelegate : Bootstrapping Spring Data JPA repositories in DEFAULT mode.
2026-06-17T01:57:06.580+05:30  INFO 19880 --- [AI-Help-Desk] [main] .s.d.r.c.RepositoryConfigurationDelegate : Finished Spring Data repository scanning in 104 ms. Found 3 JPA repository interfaces.
2026-06-17T01:57:07.942+05:30  INFO 19880 --- [AI-Help-Desk] [main] o.s.boot.tomcat.TomcatWebServer          : Tomcat initialized with port 4000 (http)
2026-06-17T01:57:07.969+05:30  INFO 19880 --- [AI-Help-Desk] [main] o.apache.catalina.core.StandardService   : Starting service [Tomcat]
2026-06-17T01:57:07.970+05:30  INFO 19880 --- [AI-Help-Desk] [main] o.apache.catalina.core.StandardEngine    : Starting Servlet engine: [Apache Tomcat/11.0.22]
2026-06-17T01:57:08.097+05:30  INFO 19880 --- [AI-Help-Desk] [main] b.w.c.s.WebApplicationContextInitializer : Root WebApplicationContext: initialization completed in 4332 ms
2026-06-17T01:57:08.539+05:30  INFO 19880 --- [AI-Help-Desk] [main] org.hibernate.orm.jpa                    : HHH008540: Processing PersistenceUnitInfo [name: default]
2026-06-17T01:57:08.667+05:30  INFO 19880 --- [AI-Help-Desk] [main] org.hibernate.orm.core                   : HHH000001: Hibernate ORM core version 7.4.1.Final
2026-06-17T01:57:09.546+05:30  INFO 19880 --- [AI-Help-Desk] [main] o.s.o.j.p.SpringPersistenceUnitInfo      : No LoadTimeWeaver setup: ignoring JPA class transformer
2026-06-17T01:57:09.607+05:30  INFO 19880 --- [AI-Help-Desk] [main] com.zaxxer.hikari.HikariDataSource       : HikariPool-1 - Starting...
2026-06-17T01:57:10.211+05:30  INFO 19880 --- [AI-Help-Desk] [main] com.zaxxer.hikari.pool.HikariPool        : HikariPool-1 - Added connection com.mysql.cj.jdbc.ConnectionImpl@1ab28416
2026-06-17T01:57:10.214+05:30  INFO 19880 --- [AI-Help-Desk] [main] com.zaxxer.hikari.HikariDataSource       : HikariPool-1 - Start completed.
2026-06-17T01:57:10.295+05:30  WARN 19880 --- [AI-Help-Desk] [main] org.hibernate.orm.deprecation            : HHH90000025: MySQLDialect does not need to be specified explicitly using 'hibernate.dialect' (remove the property setting and it will be selected by default)
2026-06-17T01:57:10.324+05:30  INFO 19880 --- [AI-Help-Desk] [main] org.hibernate.orm.connections.pooling    : HHH10001005: Database info:
	Database JDBC URL [jdbc:mysql://localhost:3306/ai_help_desk]
	Database driver: MySQL Connector/J
	Database dialect: MySQLDialect
	Database version: 8.0.42
	Default catalog/schema: ai_help_desk/undefined
	Autocommit mode: undefined/unknown
	Isolation level: REPEATABLE_READ [default REPEATABLE_READ]
	JDBC fetch size: none
	Pool: DataSourceConnectionProvider
	Minimum pool size: undefined/unknown
	Maximum pool size: undefined/unknown
2026-06-17T01:57:12.413+05:30  INFO 19880 --- [AI-Help-Desk] [main] org.hibernate.orm.core                   : HHH000489: No JTA platform available (set 'hibernate.transaction.jta.platform' to enable JTA platform integration)
2026-06-17T01:57:12.623+05:30  INFO 19880 --- [AI-Help-Desk] [main] j.LocalContainerEntityManagerFactoryBean : Initialized JPA EntityManagerFactory for persistence unit 'default'
2026-06-17T01:57:12.770+05:30  INFO 19880 --- [AI-Help-Desk] [main] o.s.d.j.r.query.QueryEnhancerFactories   : Hibernate is in classpath; If applicable, HQL parser will be used.
2026-06-17T01:57:13.318+05:30  INFO 19880 --- [AI-Help-Desk] [main] r$InitializeUserDetailsManagerConfigurer : Global AuthenticationManager configured with UserDetailsService bean with name customUserDetailsService
2026-06-17T01:57:13.605+05:30  WARN 19880 --- [AI-Help-Desk] [main] JpaBaseConfiguration$JpaWebConfiguration : spring.jpa.open-in-view is enabled by default. Therefore, database queries may be performed during view rendering. Explicitly configure spring.jpa.open-in-view to disable this warning
2026-06-17T01:57:14.246+05:30 DEBUG 19880 --- [AI-Help-Desk] [main] s.w.s.m.m.a.RequestMappingHandlerMapping : 11 mappings in 'requestMappingHandlerMapping'
2026-06-17T01:57:14.341+05:30 DEBUG 19880 --- [AI-Help-Desk] [main] o.s.w.s.handler.SimpleUrlHandlerMapping  : Patterns [/webjars/**, /**] in 'resourceHandlerMapping'
2026-06-17T01:57:14.402+05:30 DEBUG 19880 --- [AI-Help-Desk] [main] s.w.s.m.m.a.RequestMappingHandlerAdapter : ControllerAdvice beans: 0 @ModelAttribute, 0 @InitBinder, 2 RequestBodyAdvice, 1 ResponseBodyAdvice
2026-06-17T01:57:14.500+05:30 DEBUG 19880 --- [AI-Help-Desk] [main] .m.m.a.ExceptionHandlerExceptionResolver : ControllerAdvice beans: 1 @ExceptionHandler, 1 ResponseBodyAdvice
2026-06-17T01:57:14.801+05:30  INFO 19880 --- [AI-Help-Desk] [main] o.s.boot.tomcat.TomcatWebServer          : Tomcat started on port 4000 (http) with context path '/api/v1/hele-desk'
2026-06-17T01:57:14.817+05:30  INFO 19880 --- [AI-Help-Desk] [main] com.help.desk.AiHelpDeskApplication      : Started AiHelpDeskApplication in 12.221 seconds (process running for 13.138)
2026-06-17T01:57:14.823+05:30  INFO 19880 --- [AI-Help-Desk] [main] com.help.desk.AiHelpDeskApplication      : AI Help Desk Application Started
2026-06-17T02:07:13.857+05:30  INFO 19880 --- [AI-Help-Desk] [SpringApplicationShutdownHook] o.s.boot.tomcat.GracefulShutdown         : Commencing graceful shutdown. Waiting for active requests to complete
2026-06-17T02:07:13.961+05:30  INFO 19880 --- [AI-Help-Desk] [tomcat-shutdown] o.s.boot.tomcat.GracefulShutdown         : Graceful shutdown complete
2026-06-17T02:07:13.998+05:30  INFO 19880 --- [AI-Help-Desk] [SpringApplicationShutdownHook] j.LocalContainerEntityManagerFactoryBean : Closing JPA EntityManagerFactory for persistence unit 'default'
2026-06-17T02:07:14.045+05:30  INFO 19880 --- [AI-Help-Desk] [SpringApplicationShutdownHook] com.zaxxer.hikari.HikariDataSource       : HikariPool-1 - Shutdown initiated...
2026-06-17T02:07:14.116+05:30  INFO 19880 --- [AI-Help-Desk] [SpringApplicationShutdownHook] com.zaxxer.hikari.HikariDataSource       : HikariPool-1 - Shutdown completed.
